<?xml version="1.0" encoding="UTF-8"?>
<!-- Generated by org.testng.reporters.JUnitReportReporter -->
<testsuite hostname="Vishu-QA-PC" name="testcases.PrintDropdownList" tests="1" failures="0" timestamp="26 Oct 2015 14:18:21 GMT" time="0.475" errors="0">
  <testcase name="UnderTest" time="0.475" classname="testcases.PrintDropdownList"/>
</testsuite> <!-- testcases.PrintDropdownList -->
