<?xml version="1.0" encoding="UTF-8"?>
<!-- Generated by org.testng.reporters.JUnitReportReporter -->
<testsuite hostname="Vishu-QA-PC" name="testcases.LogIn" tests="1" failures="0" timestamp="26 Oct 2015 14:18:21 GMT" time="21.483" errors="0">
  <testcase name="atTest" time="21.483" classname="testcases.LogIn"/>
</testsuite> <!-- testcases.LogIn -->
