<?xml version="1.0" encoding="UTF-8"?>
<!-- Generated by org.testng.reporters.JUnitReportReporter -->
<testsuite hostname="Vishu-QA-PC" name="testcases.AssertExample" tests="1" failures="0" timestamp="26 Oct 2015 14:18:21 GMT" time="71.569" errors="0">
  <testcase name="testAssert" time="71.569" classname="testcases.AssertExample"/>
</testsuite> <!-- testcases.AssertExample -->
